<?xml version="1.0" encoding="UTF-8"?>
<coverage generated="1719247115073" clover="3.2.0">
  <project timestamp="1719247115073" name="All files">
    <metrics statements="22" coveredstatements="15" conditionals="4" coveredconditionals="1" methods="9" coveredmethods="4" elements="35" coveredelements="20" complexity="0" loc="22" ncloc="22" packages="2" files="5" classes="5"/>
    <package name="components">
      <metrics statements="16" coveredstatements="12" conditionals="4" coveredconditionals="1" methods="6" coveredmethods="4"/>
      <file name="Contact.js" path="/Users/gopalgupta/Hungry/src/components/Contact.js">
        <metrics statements="3" coveredstatements="3" conditionals="0" coveredconditionals="0" methods="1" coveredmethods="1"/>
        <line num="5" count="1" type="stmt"/>
        <line num="6" count="3" type="stmt"/>
        <line num="7" count="3" type="stmt"/>
      </file>
      <file name="Header.js" path="/Users/gopalgupta/Hungry/src/components/Header.js">
        <metrics statements="11" coveredstatements="7" conditionals="4" coveredconditionals="1" methods="4" coveredmethods="2"/>
        <line num="9" count="1" type="stmt"/>
        <line num="11" count="1" type="stmt"/>
        <line num="12" count="1" type="stmt"/>
        <line num="13" count="0" type="cond" truecount="0" falsecount="2"/>
        <line num="14" count="0" type="stmt"/>
        <line num="17" count="0" type="stmt"/>
        <line num="21" count="1" type="stmt"/>
        <line num="23" count="1" type="stmt"/>
        <line num="24" count="0" type="stmt"/>
        <line num="28" count="2" type="stmt"/>
        <line num="30" count="1" type="stmt"/>
      </file>
      <file name="sum.js" path="/Users/gopalgupta/Hungry/src/components/sum.js">
        <metrics statements="2" coveredstatements="2" conditionals="0" coveredconditionals="0" methods="1" coveredmethods="1"/>
        <line num="1" count="1" type="stmt"/>
        <line num="2" count="1" type="stmt"/>
      </file>
    </package>
    <package name="utils">
      <metrics statements="6" coveredstatements="3" conditionals="0" coveredconditionals="0" methods="3" coveredmethods="0"/>
      <file name="appStore.js" path="/Users/gopalgupta/Hungry/src/utils/appStore.js">
        <metrics statements="1" coveredstatements="1" conditionals="0" coveredconditionals="0" methods="0" coveredmethods="0"/>
        <line num="4" count="1" type="stmt"/>
      </file>
      <file name="cartSlice.js" path="/Users/gopalgupta/Hungry/src/utils/cartSlice.js">
        <metrics statements="5" coveredstatements="2" conditionals="0" coveredconditionals="0" methods="3" coveredmethods="0"/>
        <line num="3" count="1" type="stmt"/>
        <line num="10" count="0" type="stmt"/>
        <line num="13" count="0" type="stmt"/>
        <line num="16" count="0" type="stmt"/>
        <line num="21" count="1" type="stmt"/>
      </file>
    </package>
  </project>
</coverage>
