{"/Users/gopalgupta/Hungry/src/components/Contact.js": {"path":"/Users/gopalgupta/Hungry/src/components/Contact.js","statementMap":{"0":{"start":{"line":5,"column":16},"end":{"line":131,"column":1}},"1":{"start":{"line":6,"column":32},"end":{"line":6,"column":47}},"2":{"start":{"line":7,"column":4},"end":{"line":130,"column":5}}},"fnMap":{"0":{"name":"(anonymous_0)","decl":{"start":{"line":5,"column":16},"end":{"line":5,"column":17}},"loc":{"start":{"line":5,"column":22},"end":{"line":131,"column":1}},"line":5}},"branchMap":{},"s":{"0":1,"1":3,"2":3},"f":{"0":3},"b":{},"_coverageSchema":"1a1c01bbd47fc00a2c39e90264f33305004495a9","hash":"efa79092ad801b46f6291908b4707a6085620c76"}
,"/Users/gopalgupta/Hungry/src/components/Header.js": {"path":"/Users/gopalgupta/Hungry/src/components/Header.js","statementMap":{"0":{"start":{"line":9,"column":15},"end":{"line":55,"column":1}},"1":{"start":{"line":11,"column":33},"end":{"line":11,"column":52}},"2":{"start":{"line":12,"column":24},"end":{"line":19,"column":5}},"3":{"start":{"line":13,"column":8},"end":{"line":18,"column":9}},"4":{"start":{"line":14,"column":12},"end":{"line":14,"column":35}},"5":{"start":{"line":17,"column":12},"end":{"line":17,"column":34}},"6":{"start":{"line":21,"column":33},"end":{"line":21,"column":48}},"7":{"start":{"line":23,"column":24},"end":{"line":25,"column":5}},"8":{"start":{"line":24,"column":8},"end":{"line":24,"column":29}},"9":{"start":{"line":28,"column":22},"end":{"line":28,"column":62}},"10":{"start":{"line":28,"column":45},"end":{"line":28,"column":61}},"11":{"start":{"line":30,"column":4},"end":{"line":54,"column":5}}},"fnMap":{"0":{"name":"(anonymous_0)","decl":{"start":{"line":9,"column":15},"end":{"line":9,"column":16}},"loc":{"start":{"line":9,"column":21},"end":{"line":55,"column":1}},"line":9},"1":{"name":"(anonymous_1)","decl":{"start":{"line":12,"column":24},"end":{"line":12,"column":25}},"loc":{"start":{"line":12,"column":30},"end":{"line":19,"column":5}},"line":12},"2":{"name":"(anonymous_2)","decl":{"start":{"line":23,"column":24},"end":{"line":23,"column":25}},"loc":{"start":{"line":23,"column":30},"end":{"line":25,"column":5}},"line":23},"3":{"name":"(anonymous_3)","decl":{"start":{"line":28,"column":34},"end":{"line":28,"column":35}},"loc":{"start":{"line":28,"column":45},"end":{"line":28,"column":61}},"line":28}},"branchMap":{"0":{"loc":{"start":{"line":13,"column":8},"end":{"line":18,"column":9}},"type":"if","locations":[{"start":{"line":13,"column":8},"end":{"line":18,"column":9}},{"start":{"line":16,"column":12},"end":{"line":18,"column":9}}],"line":13},"1":{"loc":{"start":{"line":37,"column":32},"end":{"line":37,"column":184}},"type":"cond-expr","locations":[{"start":{"line":37,"column":40},"end":{"line":37,"column":50}},{"start":{"line":37,"column":51},"end":{"line":37,"column":184}}],"line":37}},"s":{"0":1,"1":4,"2":4,"3":1,"4":1,"5":0,"6":4,"7":4,"8":0,"9":4,"10":7,"11":4},"f":{"0":4,"1":1,"2":0,"3":7},"b":{"0":[1,0],"1":[0,4]},"_coverageSchema":"1a1c01bbd47fc00a2c39e90264f33305004495a9","hash":"e956672459ffed2af30c23b44d0f150cfac2bac1"}
,"/Users/gopalgupta/Hungry/src/components/sum.js": {"path":"/Users/gopalgupta/Hungry/src/components/sum.js","statementMap":{"0":{"start":{"line":1,"column":19},"end":{"line":3,"column":1}},"1":{"start":{"line":2,"column":4},"end":{"line":2,"column":15}}},"fnMap":{"0":{"name":"(anonymous_0)","decl":{"start":{"line":1,"column":19},"end":{"line":1,"column":20}},"loc":{"start":{"line":1,"column":28},"end":{"line":3,"column":1}},"line":1}},"branchMap":{},"s":{"0":1,"1":1},"f":{"0":1},"b":{},"_coverageSchema":"1a1c01bbd47fc00a2c39e90264f33305004495a9","hash":"11eb3dfd4cb42b79b7c56f4e2dafa8cbf00914b7"}
,"/Users/gopalgupta/Hungry/src/utils/appStore.js": {"path":"/Users/gopalgupta/Hungry/src/utils/appStore.js","statementMap":{"0":{"start":{"line":4,"column":17},"end":{"line":9,"column":2}}},"fnMap":{},"branchMap":{},"s":{"0":1},"f":{},"b":{},"_coverageSchema":"1a1c01bbd47fc00a2c39e90264f33305004495a9","hash":"5441b1a9f20da8f36f7eb0032ba20134cec5127c"}
,"/Users/gopalgupta/Hungry/src/utils/cartSlice.js": {"path":"/Users/gopalgupta/Hungry/src/utils/cartSlice.js","statementMap":{"0":{"start":{"line":3,"column":18},"end":{"line":19,"column":2}},"1":{"start":{"line":10,"column":12},"end":{"line":10,"column":45}},"2":{"start":{"line":13,"column":12},"end":{"line":13,"column":30}},"3":{"start":{"line":16,"column":12},"end":{"line":16,"column":35}},"4":{"start":{"line":21,"column":48},"end":{"line":21,"column":65}}},"fnMap":{"0":{"name":"(anonymous_0)","decl":{"start":{"line":9,"column":17},"end":{"line":9,"column":18}},"loc":{"start":{"line":9,"column":36},"end":{"line":11,"column":9}},"line":9},"1":{"name":"(anonymous_1)","decl":{"start":{"line":12,"column":20},"end":{"line":12,"column":21}},"loc":{"start":{"line":12,"column":31},"end":{"line":14,"column":9}},"line":12},"2":{"name":"(anonymous_2)","decl":{"start":{"line":15,"column":19},"end":{"line":15,"column":20}},"loc":{"start":{"line":15,"column":30},"end":{"line":17,"column":9}},"line":15}},"branchMap":{},"s":{"0":1,"1":0,"2":0,"3":0,"4":1},"f":{"0":0,"1":0,"2":0},"b":{},"_coverageSchema":"1a1c01bbd47fc00a2c39e90264f33305004495a9","hash":"c8648167a8d4bcf4e9b8e651e33f43393a34d51c"}
}
